c:\users\asus\source\repos\fiveinarow\fiveinarow\x64\debug\fiveinarow.pch
c:\users\asus\source\repos\fiveinarow\fiveinarow\x64\debug\vc145.pdb
c:\users\asus\source\repos\fiveinarow\fiveinarow\x64\debug\vc145.idb
c:\users\asus\source\repos\fiveinarow\fiveinarow\x64\debug\pch.obj
c:\users\asus\source\repos\fiveinarow\fiveinarow\x64\debug\fiveinarowdlg.obj
c:\users\asus\source\repos\fiveinarow\fiveinarow\x64\debug\fiveinarow.obj
c:\users\asus\source\repos\fiveinarow\fiveinarow\x64\debug\cchessmanager.obj
c:\users\asus\source\repos\fiveinarow\fiveinarow\x64\debug\cchess.obj
c:\users\asus\source\repos\fiveinarow\x64\debug\fiveinarow.exe
c:\users\asus\source\repos\fiveinarow\x64\debug\fiveinarow.pdb
c:\users\asus\source\repos\fiveinarow\fiveinarow\x64\debug\fiveinarow.res
c:\users\asus\source\repos\fiveinarow\fiveinarow\x64\debug\fiveinarow.ilk
c:\users\asus\source\repos\fiveinarow\fiveinarow\x64\debug\fiveinarow.tlog\cl.command.1.tlog
c:\users\asus\source\repos\fiveinarow\fiveinarow\x64\debug\fiveinarow.tlog\cl.items.tlog
c:\users\asus\source\repos\fiveinarow\fiveinarow\x64\debug\fiveinarow.tlog\cl.read.1.tlog
c:\users\asus\source\repos\fiveinarow\fiveinarow\x64\debug\fiveinarow.tlog\cl.write.1.tlog
c:\users\asus\source\repos\fiveinarow\fiveinarow\x64\debug\fiveinarow.tlog\link.command.1.tlog
c:\users\asus\source\repos\fiveinarow\fiveinarow\x64\debug\fiveinarow.tlog\link.read.1.tlog
c:\users\asus\source\repos\fiveinarow\fiveinarow\x64\debug\fiveinarow.tlog\link.secondary.1.tlog
c:\users\asus\source\repos\fiveinarow\fiveinarow\x64\debug\fiveinarow.tlog\link.write.1.tlog
c:\users\asus\source\repos\fiveinarow\fiveinarow\x64\debug\fiveinarow.tlog\rc.command.1.tlog
c:\users\asus\source\repos\fiveinarow\fiveinarow\x64\debug\fiveinarow.tlog\rc.read.1.tlog
c:\users\asus\source\repos\fiveinarow\fiveinarow\x64\debug\fiveinarow.tlog\rc.write.1.tlog
